2022-10-30 21:48:44,458:INFO:PyCaret Supervised Module
2022-10-30 21:48:44,459:INFO:ML Usecase: classification
2022-10-30 21:48:44,459:INFO:version 2.3.10
2022-10-30 21:48:44,459:INFO:Initializing setup()
2022-10-30 21:48:44,459:INFO:setup(target=label, ml_usecase=classification, available_plots={'parameter': 'Hyperparameters', 'auc': 'AUC', 'confusion_matrix': 'Confusion Matrix', 'threshold': 'Threshold', 'pr': 'Precision Recall', 'error': 'Prediction Error', 'class_report': 'Class Report', 'rfe': 'Feature Selection', 'learning': 'Learning Curve', 'manifold': 'Manifold Learning', 'calibration': 'Calibration Curve', 'vc': 'Validation Curve', 'dimension': 'Dimensions', 'feature': 'Feature Importance', 'feature_all': 'Feature Importance (All)', 'boundary': 'Decision Boundary', 'lift': 'Lift Chart', 'gain': 'Gain Chart', 'tree': 'Decision Tree', 'ks': 'KS Statistic Plot'}, train_size=0.8, test_data=None, preprocess=True, imputation_type=simple, iterative_imputation_iters=5, categorical_features=None, categorical_imputation=constant, categorical_iterative_imputer=lightgbm, ordinal_features=None, high_cardinality_features=None, high_cardinality_method=frequency, numeric_features=None, numeric_imputation=mean, numeric_iterative_imputer=lightgbm, date_features=None, ignore_features=None, normalize=False, normalize_method=zscore, transformation=False, transformation_method=yeo-johnson, handle_unknown_categorical=True, unknown_categorical_method=least_frequent, pca=False, pca_method=linear, pca_components=None, ignore_low_variance=False, combine_rare_levels=False, rare_level_threshold=0.1, bin_numeric_features=None, remove_outliers=False, outliers_threshold=0.05, remove_multicollinearity=False, multicollinearity_threshold=0.9, remove_perfect_collinearity=True, create_clusters=False, cluster_iter=20, polynomial_features=False, polynomial_degree=2, trigonometry_features=False, polynomial_threshold=0.1, group_features=None, group_names=None, feature_selection=False, feature_selection_threshold=0.8, feature_selection_method=classic, feature_interaction=False, feature_ratio=False, interaction_threshold=0.01, fix_imbalance=False, fix_imbalance_method=None, transform_target=False, transform_target_method=box-cox, data_split_shuffle=True, data_split_stratify=False, fold_strategy=stratifiedkfold, fold=5, fold_shuffle=False, fold_groups=None, n_jobs=-1, use_gpu=False, custom_pipeline=None, html=True, session_id=None, log_experiment=False, experiment_name=None, experiment_custom_tags=None, log_plots=False, log_profile=False, log_data=False, silent=False, verbose=True, profile=False, profile_kwargs=None, display=None)
2022-10-30 21:48:44,461:INFO:Checking environment
2022-10-30 21:48:44,461:INFO:python_version: 3.8.13
2022-10-30 21:48:44,461:INFO:python_build: ('default', 'Mar 25 2022 05:59:00')
2022-10-30 21:48:44,461:INFO:machine: AMD64
2022-10-30 21:48:44,496:INFO:platform: Windows-10-10.0.19043-SP0
2022-10-30 21:48:44,496:INFO:Memory: svmem(total=16952647680, available=2786881536, percent=83.6, used=14165766144, free=2786881536)
2022-10-30 21:48:44,496:INFO:Physical Core: 4
2022-10-30 21:48:44,496:INFO:Logical Core: 8
2022-10-30 21:48:44,496:INFO:Checking libraries
2022-10-30 21:48:44,496:INFO:pd==1.4.4
2022-10-30 21:48:44,496:INFO:numpy==1.20.3
2022-10-30 21:48:44,496:INFO:sklearn==0.23.2
2022-10-30 21:48:44,496:INFO:lightgbm==3.3.2
2022-10-30 21:48:44,979:INFO:catboost==1.1
2022-10-30 21:48:44,979:INFO:xgboost==1.6.2
2022-10-30 21:48:44,979:INFO:mlflow==1.29.0
2022-10-30 21:48:44,979:INFO:Checking Exceptions
2022-10-30 21:48:44,980:INFO:Declaring global variables
2022-10-30 21:48:44,980:INFO:USI: eb29
2022-10-30 21:48:44,980:INFO:pycaret_globals: {'iterative_imputation_iters_param', 'dashboard_logger', 'USI', '_internal_pipeline', 'imputation_classifier', 'fold_groups_param', 'transform_target_param', 'fold_param', 'create_model_container', '_available_plots', 'y_train', 'imputation_regressor', '_ml_usecase', 'pycaret_globals', 'data_before_preprocess', 'y', 'html_param', 'exp_name_log', 'log_plots_param', '_all_models', 'seed', 'X', 'prep_pipe', 'transform_target_method_param', '_all_models_internal', '_gpu_n_jobs_param', 'fix_imbalance_param', 'y_test', 'fix_imbalance_method_param', 'stratify_param', 'fold_groups_param_full', '_all_metrics', 'fold_shuffle_param', 'display_container', 'X_test', 'fold_generator', 'n_jobs_param', 'logging_param', 'gpu_param', 'X_train', 'experiment__', 'master_model_container', 'target_param'}
2022-10-30 21:48:44,980:INFO:Preparing display monitor
2022-10-30 21:48:44,980:INFO:Preparing display monitor
2022-10-30 21:48:44,992:INFO:Importing libraries
2022-10-30 21:48:44,992:INFO:Copying data for preprocessing
2022-10-30 21:48:45,091:INFO:Declaring preprocessing parameters
2022-10-30 21:48:45,284:INFO:Creating preprocessing pipeline
2022-10-30 21:48:49,455:INFO:Preprocessing pipeline created successfully
2022-10-30 21:48:49,455:ERROR:(Process Exit): setup has been interupted with user command 'quit'. setup must rerun.
2022-10-30 21:48:49,456:INFO:Creating global containers
2022-10-30 21:48:49,462:INFO:Internal pipeline: Pipeline(memory=None, steps=[('empty_step', 'passthrough')], verbose=False)
2022-10-30 21:50:37,006:INFO:Creating grid variables
2022-10-30 21:50:37,066:INFO:create_model_container: 0
2022-10-30 21:50:37,066:INFO:master_model_container: 0
2022-10-30 21:50:37,066:INFO:display_container: 1
2022-10-30 21:50:37,069:INFO:Pipeline(memory=None,
         steps=[('dtypes',
                 DataTypes_Auto_infer(categorical_features=[],
                                      display_types=True, features_todrop=[],
                                      id_columns=[],
                                      ml_usecase='classification',
                                      numerical_features=[], target='label',
                                      time_features=[])),
                ('imputer',
                 Simple_Imputer(categorical_strategy='not_available',
                                fill_value_categorical=None,
                                fill_value_numerical=None,
                                numeric_strate...
                ('scaling', 'passthrough'), ('P_transform', 'passthrough'),
                ('binn', 'passthrough'), ('rem_outliers', 'passthrough'),
                ('cluster_all', 'passthrough'),
                ('dummy', Dummify(target='label')),
                ('fix_perfect', Remove_100(target='label')),
                ('clean_names', Clean_Colum_Names()),
                ('feature_select', 'passthrough'), ('fix_multi', 'passthrough'),
                ('dfs', 'passthrough'), ('pca', 'passthrough')],
         verbose=False)
2022-10-30 21:50:37,069:INFO:setup() succesfully completed......................................
2022-10-30 21:51:59,907:INFO:PyCaret Supervised Module
2022-10-30 21:51:59,907:INFO:ML Usecase: classification
2022-10-30 21:51:59,907:INFO:version 2.3.10
2022-10-30 21:51:59,907:INFO:Initializing setup()
2022-10-30 21:51:59,907:INFO:setup(target=label, ml_usecase=classification, available_plots={'parameter': 'Hyperparameters', 'auc': 'AUC', 'confusion_matrix': 'Confusion Matrix', 'threshold': 'Threshold', 'pr': 'Precision Recall', 'error': 'Prediction Error', 'class_report': 'Class Report', 'rfe': 'Feature Selection', 'learning': 'Learning Curve', 'manifold': 'Manifold Learning', 'calibration': 'Calibration Curve', 'vc': 'Validation Curve', 'dimension': 'Dimensions', 'feature': 'Feature Importance', 'feature_all': 'Feature Importance (All)', 'boundary': 'Decision Boundary', 'lift': 'Lift Chart', 'gain': 'Gain Chart', 'tree': 'Decision Tree', 'ks': 'KS Statistic Plot'}, train_size=0.8, test_data=None, preprocess=True, imputation_type=simple, iterative_imputation_iters=5, categorical_features=None, categorical_imputation=constant, categorical_iterative_imputer=lightgbm, ordinal_features=None, high_cardinality_features=None, high_cardinality_method=frequency, numeric_features=None, numeric_imputation=mean, numeric_iterative_imputer=lightgbm, date_features=None, ignore_features=None, normalize=False, normalize_method=zscore, transformation=False, transformation_method=yeo-johnson, handle_unknown_categorical=True, unknown_categorical_method=least_frequent, pca=False, pca_method=linear, pca_components=None, ignore_low_variance=False, combine_rare_levels=False, rare_level_threshold=0.1, bin_numeric_features=None, remove_outliers=False, outliers_threshold=0.05, remove_multicollinearity=False, multicollinearity_threshold=0.9, remove_perfect_collinearity=True, create_clusters=False, cluster_iter=20, polynomial_features=False, polynomial_degree=2, trigonometry_features=False, polynomial_threshold=0.1, group_features=None, group_names=None, feature_selection=False, feature_selection_threshold=0.8, feature_selection_method=classic, feature_interaction=False, feature_ratio=False, interaction_threshold=0.01, fix_imbalance=False, fix_imbalance_method=None, transform_target=False, transform_target_method=box-cox, data_split_shuffle=True, data_split_stratify=False, fold_strategy=stratifiedkfold, fold=5, fold_shuffle=False, fold_groups=None, n_jobs=-1, use_gpu=False, custom_pipeline=None, html=True, session_id=None, log_experiment=False, experiment_name=None, experiment_custom_tags=None, log_plots=False, log_profile=False, log_data=False, silent=False, verbose=True, profile=False, profile_kwargs=None, display=None)
2022-10-30 21:51:59,908:INFO:Checking environment
2022-10-30 21:51:59,908:INFO:python_version: 3.8.13
2022-10-30 21:51:59,908:INFO:python_build: ('default', 'Mar 25 2022 05:59:00')
2022-10-30 21:51:59,908:INFO:machine: AMD64
2022-10-30 21:51:59,908:INFO:platform: Windows-10-10.0.19043-SP0
2022-10-30 21:51:59,908:INFO:Memory: svmem(total=16952647680, available=1695645696, percent=90.0, used=15257001984, free=1695645696)
2022-10-30 21:51:59,908:INFO:Physical Core: 4
2022-10-30 21:51:59,908:INFO:Logical Core: 8
2022-10-30 21:51:59,908:INFO:Checking libraries
2022-10-30 21:51:59,908:INFO:pd==1.4.4
2022-10-30 21:51:59,908:INFO:numpy==1.20.3
2022-10-30 21:51:59,908:INFO:sklearn==0.23.2
2022-10-30 21:51:59,909:INFO:lightgbm==3.3.2
2022-10-30 21:51:59,909:INFO:catboost==1.1
2022-10-30 21:51:59,909:INFO:xgboost==1.6.2
2022-10-30 21:51:59,909:INFO:mlflow==1.29.0
2022-10-30 21:51:59,909:INFO:Checking Exceptions
2022-10-30 21:51:59,909:INFO:Declaring global variables
2022-10-30 21:51:59,910:INFO:USI: 6039
2022-10-30 21:51:59,910:INFO:pycaret_globals: {'iterative_imputation_iters_param', 'dashboard_logger', 'USI', '_internal_pipeline', 'imputation_classifier', 'fold_groups_param', 'transform_target_param', 'fold_param', 'create_model_container', '_available_plots', 'y_train', 'imputation_regressor', '_ml_usecase', 'pycaret_globals', 'data_before_preprocess', 'y', 'html_param', 'exp_name_log', 'log_plots_param', '_all_models', 'seed', 'X', 'prep_pipe', 'transform_target_method_param', '_all_models_internal', '_gpu_n_jobs_param', 'fix_imbalance_param', 'y_test', 'fix_imbalance_method_param', 'stratify_param', 'fold_groups_param_full', '_all_metrics', 'fold_shuffle_param', 'display_container', 'X_test', 'fold_generator', 'n_jobs_param', 'logging_param', 'gpu_param', 'X_train', 'experiment__', 'master_model_container', 'target_param'}
2022-10-30 21:51:59,910:INFO:Preparing display monitor
2022-10-30 21:51:59,910:INFO:Preparing display monitor
2022-10-30 21:51:59,923:INFO:Importing libraries
2022-10-30 21:51:59,923:INFO:Copying data for preprocessing
2022-10-30 21:51:59,983:INFO:Declaring preprocessing parameters
2022-10-30 21:52:00,088:INFO:Creating preprocessing pipeline
2022-10-30 21:52:04,339:INFO:Preprocessing pipeline created successfully
2022-10-30 21:52:04,339:ERROR:(Process Exit): setup has been interupted with user command 'quit'. setup must rerun.
2022-10-30 21:52:04,340:INFO:Creating global containers
2022-10-30 21:52:04,340:INFO:Internal pipeline: Pipeline(memory=None, steps=[('empty_step', 'passthrough')], verbose=False)
2022-10-30 21:58:53,939:INFO:Creating grid variables
2022-10-30 21:58:54,030:INFO:create_model_container: 0
2022-10-30 21:58:54,030:INFO:master_model_container: 0
2022-10-30 21:58:54,030:INFO:display_container: 1
2022-10-30 21:58:54,035:INFO:Pipeline(memory=None,
         steps=[('dtypes',
                 DataTypes_Auto_infer(categorical_features=[],
                                      display_types=True, features_todrop=[],
                                      id_columns=[],
                                      ml_usecase='classification',
                                      numerical_features=[], target='label',
                                      time_features=[])),
                ('imputer',
                 Simple_Imputer(categorical_strategy='not_available',
                                fill_value_categorical=None,
                                fill_value_numerical=None,
                                numeric_strate...
                ('scaling', 'passthrough'), ('P_transform', 'passthrough'),
                ('binn', 'passthrough'), ('rem_outliers', 'passthrough'),
                ('cluster_all', 'passthrough'),
                ('dummy', Dummify(target='label')),
                ('fix_perfect', Remove_100(target='label')),
                ('clean_names', Clean_Colum_Names()),
                ('feature_select', 'passthrough'), ('fix_multi', 'passthrough'),
                ('dfs', 'passthrough'), ('pca', 'passthrough')],
         verbose=False)
2022-10-30 21:58:54,035:INFO:setup() succesfully completed......................................
2022-10-30 21:59:00,556:INFO:Initializing compare_models()
2022-10-30 21:59:00,556:INFO:compare_models(include=None, fold=None, round=4, cross_validation=True, sort=Accuracy, n_select=1, budget_time=None, turbo=True, errors=ignore, fit_kwargs=None, groups=None, experiment_custom_tags=None, probability_threshold=None, verbose=True, display=None, exclude=None)
2022-10-30 21:59:00,556:INFO:Checking exceptions
2022-10-30 21:59:00,558:INFO:Preparing display monitor
2022-10-30 21:59:00,559:INFO:Preparing display monitor
2022-10-30 21:59:00,589:INFO:Initializing Logistic Regression
2022-10-30 21:59:00,589:INFO:Total runtime is 0.0 minutes
2022-10-30 21:59:00,600:INFO:SubProcess create_model() called ==================================
2022-10-30 21:59:00,600:INFO:Initializing create_model()
2022-10-30 21:59:00,600:INFO:create_model(estimator=lr, fold=StratifiedKFold(n_splits=5, random_state=None, shuffle=False), round=4, cross_validation=True, predict=True, fit_kwargs={}, groups=None, refit=False, verbose=False, system=False, metrics=None, experiment_custom_tags=None, add_to_model_list=True, probability_threshold=None, display=<pycaret.internal.Display.Display object at 0x000002ACCB98AF70>, return_train_score=False, kwargs={})
2022-10-30 21:59:00,600:INFO:Checking exceptions
2022-10-30 21:59:00,601:INFO:Importing libraries
2022-10-30 21:59:00,601:INFO:Copying training dataset
2022-10-30 21:59:00,647:INFO:Defining folds
2022-10-30 21:59:00,647:INFO:Declaring metric variables
2022-10-30 21:59:00,682:INFO:Importing untrained model
2022-10-30 21:59:00,704:INFO:Logistic Regression Imported succesfully
2022-10-30 21:59:00,726:INFO:Starting cross validation
2022-10-30 21:59:00,728:INFO:Cross validating with StratifiedKFold(n_splits=5, random_state=None, shuffle=False), n_jobs=-1
2022-10-30 22:02:31,688:INFO:PyCaret Supervised Module
2022-10-30 22:02:31,689:INFO:ML Usecase: classification
2022-10-30 22:02:31,689:INFO:version 2.3.10
2022-10-30 22:02:31,689:INFO:Initializing setup()
2022-10-30 22:02:31,689:INFO:setup(target=label, ml_usecase=classification, available_plots={'parameter': 'Hyperparameters', 'auc': 'AUC', 'confusion_matrix': 'Confusion Matrix', 'threshold': 'Threshold', 'pr': 'Precision Recall', 'error': 'Prediction Error', 'class_report': 'Class Report', 'rfe': 'Feature Selection', 'learning': 'Learning Curve', 'manifold': 'Manifold Learning', 'calibration': 'Calibration Curve', 'vc': 'Validation Curve', 'dimension': 'Dimensions', 'feature': 'Feature Importance', 'feature_all': 'Feature Importance (All)', 'boundary': 'Decision Boundary', 'lift': 'Lift Chart', 'gain': 'Gain Chart', 'tree': 'Decision Tree', 'ks': 'KS Statistic Plot'}, train_size=0.8, test_data=None, preprocess=True, imputation_type=simple, iterative_imputation_iters=5, categorical_features=None, categorical_imputation=constant, categorical_iterative_imputer=lightgbm, ordinal_features=None, high_cardinality_features=None, high_cardinality_method=frequency, numeric_features=None, numeric_imputation=mean, numeric_iterative_imputer=lightgbm, date_features=None, ignore_features=None, normalize=False, normalize_method=zscore, transformation=False, transformation_method=yeo-johnson, handle_unknown_categorical=True, unknown_categorical_method=least_frequent, pca=False, pca_method=linear, pca_components=None, ignore_low_variance=False, combine_rare_levels=False, rare_level_threshold=0.1, bin_numeric_features=None, remove_outliers=False, outliers_threshold=0.05, remove_multicollinearity=False, multicollinearity_threshold=0.9, remove_perfect_collinearity=True, create_clusters=False, cluster_iter=20, polynomial_features=False, polynomial_degree=2, trigonometry_features=False, polynomial_threshold=0.1, group_features=None, group_names=None, feature_selection=False, feature_selection_threshold=0.8, feature_selection_method=classic, feature_interaction=False, feature_ratio=False, interaction_threshold=0.01, fix_imbalance=False, fix_imbalance_method=None, transform_target=False, transform_target_method=box-cox, data_split_shuffle=True, data_split_stratify=False, fold_strategy=stratifiedkfold, fold=5, fold_shuffle=False, fold_groups=None, n_jobs=-1, use_gpu=True, custom_pipeline=None, html=True, session_id=None, log_experiment=False, experiment_name=None, experiment_custom_tags=None, log_plots=False, log_profile=False, log_data=False, silent=False, verbose=True, profile=False, profile_kwargs=None, display=None)
2022-10-30 22:02:31,689:INFO:Checking environment
2022-10-30 22:02:31,689:INFO:python_version: 3.8.13
2022-10-30 22:02:31,689:INFO:python_build: ('default', 'Mar 25 2022 05:59:00')
2022-10-30 22:02:31,689:INFO:machine: AMD64
2022-10-30 22:02:31,722:INFO:platform: Windows-10-10.0.19043-SP0
2022-10-30 22:02:31,722:INFO:Memory: svmem(total=16952647680, available=5571833856, percent=67.1, used=11380813824, free=5571833856)
2022-10-30 22:02:31,722:INFO:Physical Core: 4
2022-10-30 22:02:31,722:INFO:Logical Core: 8
2022-10-30 22:02:31,722:INFO:Checking libraries
2022-10-30 22:02:31,722:INFO:pd==1.4.4
2022-10-30 22:02:31,722:INFO:numpy==1.20.3
2022-10-30 22:02:31,722:INFO:sklearn==0.23.2
2022-10-30 22:02:31,722:INFO:lightgbm==3.3.2
2022-10-30 22:02:32,161:INFO:catboost==1.1
2022-10-30 22:02:32,161:INFO:xgboost==1.6.2
2022-10-30 22:02:32,161:INFO:mlflow==1.29.0
2022-10-30 22:02:32,161:INFO:Checking Exceptions
2022-10-30 22:02:32,161:INFO:Declaring global variables
2022-10-30 22:02:32,161:INFO:USI: 0068
2022-10-30 22:02:32,161:INFO:pycaret_globals: {'seed', '_all_models', 'fold_shuffle_param', 'data_before_preprocess', 'fold_groups_param', 'gpu_param', '_available_plots', 'imputation_regressor', 'y', 'display_container', 'target_param', 'X_train', 'exp_name_log', 'dashboard_logger', '_ml_usecase', 'X', 'fix_imbalance_method_param', 'experiment__', 'X_test', 'fold_generator', 'n_jobs_param', '_gpu_n_jobs_param', 'fold_groups_param_full', 'imputation_classifier', 'master_model_container', '_internal_pipeline', 'fix_imbalance_param', '_all_models_internal', 'log_plots_param', 'stratify_param', 'pycaret_globals', 'transform_target_method_param', 'html_param', 'transform_target_param', 'y_train', 'USI', 'fold_param', 'logging_param', 'prep_pipe', '_all_metrics', 'y_test', 'iterative_imputation_iters_param', 'create_model_container'}
2022-10-30 22:02:32,161:INFO:Preparing display monitor
2022-10-30 22:02:32,161:INFO:Preparing display monitor
2022-10-30 22:02:32,170:INFO:Importing libraries
2022-10-30 22:02:32,170:INFO:Copying data for preprocessing
2022-10-30 22:02:32,217:INFO:Declaring preprocessing parameters
2022-10-30 22:02:32,219:WARNING:cuML not found
2022-10-30 22:02:32,220:WARNING:cuML is outdated or not found. Required version is >=0.15, got 1.6.2
2022-10-30 22:02:32,310:INFO:Creating preprocessing pipeline
2022-10-30 22:02:36,960:INFO:Preprocessing pipeline created successfully
2022-10-30 22:02:36,960:ERROR:(Process Exit): setup has been interupted with user command 'quit'. setup must rerun.
2022-10-30 22:02:36,961:INFO:Creating global containers
2022-10-30 22:02:36,963:INFO:Internal pipeline: Pipeline(memory=None, steps=[('empty_step', 'passthrough')], verbose=False)
2022-10-30 22:13:52,182:WARNING:Couldn't import cuml.linear_model.LogisticRegression
2022-10-30 22:13:52,218:WARNING:Couldn't import cuml.neighbors.KNeighborsClassifier
2022-10-30 22:13:52,225:WARNING:Couldn't import cuml.MBSGDClassifier
2022-10-30 22:13:52,227:WARNING:Couldn't import cuml.svm.SVC
2022-10-30 22:13:52,257:WARNING:Couldn't import cuml.linear_model
2022-10-30 22:13:52,261:WARNING:Couldn't import cuml.ensemble
2022-10-30 22:13:58,270:WARNING:Couldn't import cuml.linear_model.LogisticRegression
2022-10-30 22:13:58,326:WARNING:Couldn't import cuml.neighbors.KNeighborsClassifier
2022-10-30 22:13:58,328:WARNING:Couldn't import cuml.MBSGDClassifier
2022-10-30 22:13:58,329:WARNING:Couldn't import cuml.svm.SVC
2022-10-30 22:13:58,357:WARNING:Couldn't import cuml.linear_model
2022-10-30 22:13:58,364:WARNING:Couldn't import cuml.ensemble
2022-10-30 22:13:58,388:INFO:Creating grid variables
2022-10-30 22:13:58,475:INFO:create_model_container: 0
2022-10-30 22:13:58,475:INFO:master_model_container: 0
2022-10-30 22:13:58,475:INFO:display_container: 1
2022-10-30 22:13:58,480:INFO:Pipeline(memory=None,
         steps=[('dtypes',
                 DataTypes_Auto_infer(categorical_features=[],
                                      display_types=True, features_todrop=[],
                                      id_columns=[],
                                      ml_usecase='classification',
                                      numerical_features=[], target='label',
                                      time_features=[])),
                ('imputer',
                 Simple_Imputer(categorical_strategy='not_available',
                                fill_value_categorical=None,
                                fill_value_numerical=None,
                                numeric_strate...
                ('scaling', 'passthrough'), ('P_transform', 'passthrough'),
                ('binn', 'passthrough'), ('rem_outliers', 'passthrough'),
                ('cluster_all', 'passthrough'),
                ('dummy', Dummify(target='label')),
                ('fix_perfect', Remove_100(target='label')),
                ('clean_names', Clean_Colum_Names()),
                ('feature_select', 'passthrough'), ('fix_multi', 'passthrough'),
                ('dfs', 'passthrough'), ('pca', 'passthrough')],
         verbose=False)
2022-10-30 22:13:58,480:INFO:setup() succesfully completed......................................
2022-10-30 22:17:38,457:INFO:Initializing create_model()
2022-10-30 22:17:38,457:INFO:create_model(estimator=rf, fold=None, round=4, cross_validation=True, predict=True, fit_kwargs=None, groups=None, refit=True, verbose=True, system=True, metrics=None, experiment_custom_tags=None, add_to_model_list=True, probability_threshold=None, display=None, return_train_score=False, kwargs={})
2022-10-30 22:17:38,457:INFO:Checking exceptions
2022-10-30 22:17:38,458:INFO:Preparing display monitor
2022-10-30 22:17:38,475:INFO:Importing libraries
2022-10-30 22:17:38,475:INFO:Copying training dataset
2022-10-30 22:17:38,528:INFO:Defining folds
2022-10-30 22:17:38,528:INFO:Declaring metric variables
2022-10-30 22:17:38,536:INFO:Importing untrained model
2022-10-30 22:17:38,547:INFO:Random Forest Classifier Imported succesfully
2022-10-30 22:17:38,569:INFO:Starting cross validation
2022-10-30 22:17:38,570:INFO:Cross validating with StratifiedKFold(n_splits=5, random_state=None, shuffle=False), n_jobs=1
2022-10-30 22:18:53,627:INFO:Calculating mean and std
2022-10-30 22:18:53,629:INFO:Creating metrics dataframe
2022-10-30 22:18:53,636:INFO:Finalizing model
2022-10-30 22:19:07,661:INFO:Uploading results into container
2022-10-30 22:19:07,661:INFO:Uploading model into container now
2022-10-30 22:19:07,667:INFO:create_model_container: 1
2022-10-30 22:19:07,667:INFO:master_model_container: 1
2022-10-30 22:19:07,667:INFO:display_container: 2
2022-10-30 22:19:07,668:INFO:RandomForestClassifier(bootstrap=True, ccp_alpha=0.0, class_weight=None,
                       criterion='gini', max_depth=None, max_features='auto',
                       max_leaf_nodes=None, max_samples=None,
                       min_impurity_decrease=0.0, min_impurity_split=None,
                       min_samples_leaf=1, min_samples_split=2,
                       min_weight_fraction_leaf=0.0, n_estimators=100,
                       n_jobs=-1, oob_score=False, random_state=5171, verbose=0,
                       warm_start=False)
2022-10-30 22:19:07,668:INFO:create_model() succesfully completed......................................
2022-10-30 22:19:07,797:INFO:Initializing finalize_model()
2022-10-30 22:19:07,797:INFO:finalize_model(estimator=RandomForestClassifier(bootstrap=True, ccp_alpha=0.0, class_weight=None,
                       criterion='gini', max_depth=None, max_features='auto',
                       max_leaf_nodes=None, max_samples=None,
                       min_impurity_decrease=0.0, min_impurity_split=None,
                       min_samples_leaf=1, min_samples_split=2,
                       min_weight_fraction_leaf=0.0, n_estimators=100,
                       n_jobs=-1, oob_score=False, random_state=5171, verbose=0,
                       warm_start=False), fit_kwargs=None, groups=None, model_only=True, display=None, experiment_custom_tags=None, return_train_score=False)
2022-10-30 22:19:07,798:INFO:Finalizing RandomForestClassifier(bootstrap=True, ccp_alpha=0.0, class_weight=None,
                       criterion='gini', max_depth=None, max_features='auto',
                       max_leaf_nodes=None, max_samples=None,
                       min_impurity_decrease=0.0, min_impurity_split=None,
                       min_samples_leaf=1, min_samples_split=2,
                       min_weight_fraction_leaf=0.0, n_estimators=100,
                       n_jobs=-1, oob_score=False, random_state=5171, verbose=0,
                       warm_start=False)
2022-10-30 22:19:07,798:INFO:Initializing create_model()
2022-10-30 22:19:07,798:INFO:create_model(estimator=RandomForestClassifier(bootstrap=True, ccp_alpha=0.0, class_weight=None,
                       criterion='gini', max_depth=None, max_features='auto',
                       max_leaf_nodes=None, max_samples=None,
                       min_impurity_decrease=0.0, min_impurity_split=None,
                       min_samples_leaf=1, min_samples_split=2,
                       min_weight_fraction_leaf=0.0, n_estimators=100,
                       n_jobs=-1, oob_score=False, random_state=5171, verbose=0,
                       warm_start=False), fold=None, round=4, cross_validation=True, predict=True, fit_kwargs={}, groups=None, refit=True, verbose=False, system=False, metrics=None, experiment_custom_tags=None, add_to_model_list=False, probability_threshold=None, display=None, return_train_score=False, kwargs={})
2022-10-30 22:19:07,798:INFO:Checking exceptions
2022-10-30 22:19:07,798:INFO:Importing libraries
2022-10-30 22:19:07,798:INFO:Copying training dataset
2022-10-30 22:19:07,839:INFO:Defining folds
2022-10-30 22:19:07,840:INFO:Declaring metric variables
2022-10-30 22:19:07,840:INFO:Importing untrained model
2022-10-30 22:19:07,840:INFO:Declaring custom model
2022-10-30 22:19:07,841:INFO:Random Forest Classifier Imported succesfully
2022-10-30 22:19:07,841:INFO:Starting cross validation
2022-10-30 22:19:07,841:INFO:Cross validating with StratifiedKFold(n_splits=5, random_state=None, shuffle=False), n_jobs=1
2022-10-30 22:20:35,726:INFO:Calculating mean and std
2022-10-30 22:20:35,726:INFO:Creating metrics dataframe
2022-10-30 22:20:35,728:INFO:Finalizing model
2022-10-30 22:20:53,709:INFO:create_model_container: 1
2022-10-30 22:20:53,709:INFO:master_model_container: 1
2022-10-30 22:20:53,709:INFO:display_container: 3
2022-10-30 22:20:53,710:INFO:RandomForestClassifier(bootstrap=True, ccp_alpha=0.0, class_weight=None,
                       criterion='gini', max_depth=None, max_features='auto',
                       max_leaf_nodes=None, max_samples=None,
                       min_impurity_decrease=0.0, min_impurity_split=None,
                       min_samples_leaf=1, min_samples_split=2,
                       min_weight_fraction_leaf=0.0, n_estimators=100,
                       n_jobs=-1, oob_score=False, random_state=5171, verbose=0,
                       warm_start=False)
2022-10-30 22:20:53,710:INFO:create_model() succesfully completed......................................
2022-10-30 22:20:53,843:INFO:create_model_container: 1
2022-10-30 22:20:53,843:INFO:master_model_container: 1
2022-10-30 22:20:53,843:INFO:display_container: 2
2022-10-30 22:20:53,843:INFO:RandomForestClassifier(bootstrap=True, ccp_alpha=0.0, class_weight=None,
                       criterion='gini', max_depth=None, max_features='auto',
                       max_leaf_nodes=None, max_samples=None,
                       min_impurity_decrease=0.0, min_impurity_split=None,
                       min_samples_leaf=1, min_samples_split=2,
                       min_weight_fraction_leaf=0.0, n_estimators=100,
                       n_jobs=-1, oob_score=False, random_state=5171, verbose=0,
                       warm_start=False)
2022-10-30 22:20:53,843:INFO:finalize_model() succesfully completed......................................
2022-10-30 22:20:53,945:INFO:Initializing predict_model()
2022-10-30 22:20:53,945:INFO:predict_model(estimator=RandomForestClassifier(bootstrap=True, ccp_alpha=0.0, class_weight=None,
                       criterion='gini', max_depth=None, max_features='auto',
                       max_leaf_nodes=None, max_samples=None,
                       min_impurity_decrease=0.0, min_impurity_split=None,
                       min_samples_leaf=1, min_samples_split=2,
                       min_weight_fraction_leaf=0.0, n_estimators=100,
                       n_jobs=-1, oob_score=False, random_state=5171, verbose=0,
                       warm_start=False), probability_threshold=None, encoded_labels=False, drift_report=False, raw_score=False, round=4, verbose=True, ml_usecase=MLUsecase.CLASSIFICATION, display=None, drift_kwargs=None)
2022-10-30 22:20:53,945:INFO:Checking exceptions
2022-10-30 22:20:53,945:INFO:Preloading libraries
2022-10-30 22:20:53,945:INFO:Preparing display monitor
